生成启动时间为 2022/5/4 12:07:54。
     1>项目“C:\Users\1\Desktop\软工\电梯1\电梯1\电梯1.vcxproj”在节点 2 上(build 个目标)。
     1>PrepareForBuild:
         正在创建目录“C:\Users\1\Desktop\软工\电梯1\Debug\”。
       InitializeBuildStatus:
         正在创建“Debug\电梯1.unsuccessfulbuild”，因为已指定“AlwaysCreate”。
       ClCompile:
         F:\vs2010\VC\bin\CL.exe /c /ZI /nologo /W3 /WX- /Od /Oy- /D WIN32 /D _DEBUG /D _CONSOLE /D _UNICODE /D UNICODE /Gm /EHsc /RTC1 /MDd /GS /fp:precise /Zc:wchar_t /Zc:forScope /Fo"Debug\\" /Fd"Debug\vc100.pdb" /Gd /TP /analyze- /errorReport:prompt 1.cpp
         1.cpp
     1>c:\users\1\desktop\软工\电梯1\电梯1\1.cpp(79): warning C4996: 'scanf': This function or variable may be unsafe. Consider using scanf_s instead. To disable deprecation, use _CRT_SECURE_NO_WARNINGS. See online help for details.
                 f:\vs2010\vc\include\stdio.h(304) : 参见“scanf”的声明
     1>c:\users\1\desktop\软工\电梯1\电梯1\1.cpp(85): warning C4996: 'scanf': This function or variable may be unsafe. Consider using scanf_s instead. To disable deprecation, use _CRT_SECURE_NO_WARNINGS. See online help for details.
                 f:\vs2010\vc\include\stdio.h(304) : 参见“scanf”的声明
     1>c:\users\1\desktop\软工\电梯1\电梯1\1.cpp(87): warning C4996: 'scanf': This function or variable may be unsafe. Consider using scanf_s instead. To disable deprecation, use _CRT_SECURE_NO_WARNINGS. See online help for details.
                 f:\vs2010\vc\include\stdio.h(304) : 参见“scanf”的声明
     1>c:\users\1\desktop\软工\电梯1\电梯1\1.cpp(89): warning C4996: 'scanf': This function or variable may be unsafe. Consider using scanf_s instead. To disable deprecation, use _CRT_SECURE_NO_WARNINGS. See online help for details.
                 f:\vs2010\vc\include\stdio.h(304) : 参见“scanf”的声明
       ManifestResourceCompile:
         C:\Program Files (x86)\Microsoft SDKs\Windows\v7.0A\bin\rc.exe /nologo /fo"Debug\电梯1.exe.embed.manifest.res" "Debug\电梯1_manifest.rc" 
       Link:
         F:\vs2010\VC\bin\link.exe /ERRORREPORT:PROMPT /OUT:"C:\Users\1\Desktop\软工\电梯1\Debug\电梯1.exe" /INCREMENTAL /NOLOGO kernel32.lib user32.lib gdi32.lib winspool.lib comdlg32.lib advapi32.lib shell32.lib ole32.lib oleaut32.lib uuid.lib odbc32.lib odbccp32.lib /MANIFEST /ManifestFile:"Debug\电梯1.exe.intermediate.manifest" /MANIFESTUAC:"level='asInvoker' uiAccess='false'" /DEBUG /PDB:"C:\Users\1\Desktop\软工\电梯1\Debug\电梯1.pdb" /SUBSYSTEM:CONSOLE /TLBID:1 /DYNAMICBASE /NXCOMPAT /IMPLIB:"C:\Users\1\Desktop\软工\电梯1\Debug\电梯1.lib" /MACHINE:X86 "Debug\电梯1.exe.embed.manifest.res"
         Debug\1.obj
       Manifest:
         C:\Program Files (x86)\Microsoft SDKs\Windows\v7.0A\bin\mt.exe /nologo /verbose /out:"Debug\电梯1.exe.embed.manifest" /manifest "Debug\电梯1.exe.intermediate.manifest"
         C:\Program Files (x86)\Microsoft SDKs\Windows\v7.0A\bin\rc.exe /nologo /fo"Debug\电梯1.exe.embed.manifest.res" "Debug\电梯1_manifest.rc" 
       LinkEmbedManifest:
         F:\vs2010\VC\bin\link.exe /ERRORREPORT:PROMPT /OUT:"C:\Users\1\Desktop\软工\电梯1\Debug\电梯1.exe" /INCREMENTAL /NOLOGO kernel32.lib user32.lib gdi32.lib winspool.lib comdlg32.lib advapi32.lib shell32.lib ole32.lib oleaut32.lib uuid.lib odbc32.lib odbccp32.lib /MANIFEST /ManifestFile:"Debug\电梯1.exe.intermediate.manifest" /MANIFESTUAC:"level='asInvoker' uiAccess='false'" /DEBUG /PDB:"C:\Users\1\Desktop\软工\电梯1\Debug\电梯1.pdb" /SUBSYSTEM:CONSOLE /TLBID:1 /DYNAMICBASE /NXCOMPAT /IMPLIB:"C:\Users\1\Desktop\软工\电梯1\Debug\电梯1.lib" /MACHINE:X86 "Debug\电梯1.exe.embed.manifest.res"
         Debug\1.obj
         电梯1.vcxproj -> C:\Users\1\Desktop\软工\电梯1\Debug\电梯1.exe
       FinalizeBuildStatus:
         正在删除文件“Debug\电梯1.unsuccessfulbuild”。
         正在对“Debug\电梯1.lastbuildstate”执行 Touch 任务。
     1>已完成生成项目“C:\Users\1\Desktop\软工\电梯1\电梯1\电梯1.vcxproj”(build 个目标)的操作。

生成成功。

已用时间 00:00:05.34
